{"level":"\u001b[32minfo\u001b[39m","message":"{\"method\":\"OPTIONS\",\"url\":\"/api/v1/users/login\",\"status\":\"204\",\"responseTime\":\"2.953\"}","timestamp":"2025-02-25T05:32:50.835Z"}
{"level":"\u001b[32minfo\u001b[39m","message":"{\"method\":\"POST\",\"url\":\"/api/v1/users/login\",\"status\":\"201\",\"responseTime\":\"1019.053\"}","timestamp":"2025-02-25T05:32:51.866Z"}
{"level":"\u001b[32minfo\u001b[39m","message":"{\"method\":\"GET\",\"url\":\"/api/v1/users/friends/66e57d5920137e598c401571\",\"status\":\"200\",\"responseTime\":\"22.609\"}","timestamp":"2025-02-25T05:32:52.134Z"}
{"level":"\u001b[32minfo\u001b[39m","message":"{\"method\":\"GET\",\"url\":\"/api/v1/users/friends/66e57d5920137e598c401571\",\"status\":\"304\",\"responseTime\":\"17.131\"}","timestamp":"2025-02-25T05:32:52.161Z"}
{"level":"\u001b[32minfo\u001b[39m","message":"{\"method\":\"GET\",\"url\":\"/api/v1/users/timeline/66e57d5920137e598c401571\",\"status\":\"201\",\"responseTime\":\"96.076\"}","timestamp":"2025-02-25T05:32:52.225Z"}
{"level":"\u001b[32minfo\u001b[39m","message":"{\"method\":\"GET\",\"url\":\"/api/v1/users?id=66e57d5920137e598c401571\",\"status\":\"200\",\"responseTime\":\"17.695\"}","timestamp":"2025-02-25T05:32:52.342Z"}
{"level":"\u001b[32minfo\u001b[39m","message":"{\"method\":\"GET\",\"url\":\"/api/v1/users?id=66e57d5920137e598c401571\",\"status\":\"304\",\"responseTime\":\"10.279\"}","timestamp":"2025-02-25T05:32:52.357Z"}
{"level":"\u001b[32minfo\u001b[39m","message":"{\"method\":\"GET\",\"url\":\"/api/v1/users?id=66e57d5920137e598c401571\",\"status\":\"304\",\"responseTime\":\"10.095\"}","timestamp":"2025-02-25T05:32:52.376Z"}
{"level":"\u001b[32minfo\u001b[39m","message":"{\"method\":\"GET\",\"url\":\"/api/v1/users?id=66e57d5920137e598c401571\",\"status\":\"304\",\"responseTime\":\"13.550\"}","timestamp":"2025-02-25T05:32:52.397Z"}
{"level":"\u001b[32minfo\u001b[39m","message":"{\"method\":\"GET\",\"url\":\"/api/v1/users?id=66e57d5920137e598c401571\",\"status\":\"304\",\"responseTime\":\"13.381\"}","timestamp":"2025-02-25T05:32:52.419Z"}
{"level":"\u001b[32minfo\u001b[39m","message":"{\"method\":\"GET\",\"url\":\"/api/v1/users?id=66e57d5920137e598c401571\",\"status\":\"304\",\"responseTime\":\"6.701\"}","timestamp":"2025-02-25T05:32:52.432Z"}
{"level":"\u001b[32minfo\u001b[39m","message":"{\"method\":\"GET\",\"url\":\"/api/v1/users?id=66e57d5920137e598c401571\",\"status\":\"304\",\"responseTime\":\"8.894\"}","timestamp":"2025-02-25T05:32:52.446Z"}
{"level":"\u001b[32minfo\u001b[39m","message":"{\"method\":\"GET\",\"url\":\"/api/v1/users/allPosts\",\"status\":\"201\",\"responseTime\":\"47.199\"}","timestamp":"2025-02-25T05:33:36.581Z"}
{"level":"\u001b[32minfo\u001b[39m","message":"{\"method\":\"GET\",\"url\":\"/api/v1/users/friends/66e57d5920137e598c401571\",\"status\":\"304\",\"responseTime\":\"97.637\"}","timestamp":"2025-02-25T05:33:36.642Z"}
{"level":"\u001b[32minfo\u001b[39m","message":"{\"method\":\"GET\",\"url\":\"/api/v1/users?id=670cdd031cb62e576876b8b6\",\"status\":\"200\",\"responseTime\":\"24.281\"}","timestamp":"2025-02-25T05:33:36.714Z"}
{"level":"\u001b[32minfo\u001b[39m","message":"{\"method\":\"GET\",\"url\":\"/api/v1/users?id=670cd8a61cb62e576876b890\",\"status\":\"200\",\"responseTime\":\"33.207\"}","timestamp":"2025-02-25T05:33:36.726Z"}
{"level":"\u001b[32minfo\u001b[39m","message":"{\"method\":\"GET\",\"url\":\"/api/v1/users?id=66e63fae3ebeb61f7f869b93\",\"status\":\"200\",\"responseTime\":\"64.061\"}","timestamp":"2025-02-25T05:33:36.758Z"}
{"level":"\u001b[32minfo\u001b[39m","message":"{\"method\":\"GET\",\"url\":\"/api/v1/users?id=66e63fae3ebeb61f7f869b93\",\"status\":\"304\",\"responseTime\":\"9.958\"}","timestamp":"2025-02-25T05:33:36.775Z"}
{"level":"\u001b[32minfo\u001b[39m","message":"{\"method\":\"GET\",\"url\":\"/api/v1/users?id=66e63fae3ebeb61f7f869b93\",\"status\":\"304\",\"responseTime\":\"7.101\"}","timestamp":"2025-02-25T05:33:36.787Z"}
{"level":"\u001b[32minfo\u001b[39m","message":"{\"method\":\"GET\",\"url\":\"/api/v1/users?id=66e63fae3ebeb61f7f869b93\",\"status\":\"304\",\"responseTime\":\"7.362\"}","timestamp":"2025-02-25T05:33:36.800Z"}
{"level":"\u001b[32minfo\u001b[39m","message":"{\"method\":\"OPTIONS\",\"url\":\"/api/v1/users/posts/likes/66f8b8cc62c029d6e69469d8\",\"status\":\"204\",\"responseTime\":\"1.431\"}","timestamp":"2025-02-25T05:33:47.132Z"}
{"level":"\u001b[32minfo\u001b[39m","message":"{\"method\":\"PUT\",\"url\":\"/api/v1/users/posts/likes/66f8b8cc62c029d6e69469d8\",\"status\":\"201\",\"responseTime\":\"225.534\"}","timestamp":"2025-02-25T05:33:47.364Z"}
{"level":"\u001b[32minfo\u001b[39m","message":"{\"method\":\"PUT\",\"url\":\"/api/v1/users/posts/likes/66f8b8cc62c029d6e69469d8\",\"status\":\"201\",\"responseTime\":\"12.915\"}","timestamp":"2025-02-25T05:33:48.830Z"}
{"level":"\u001b[32minfo\u001b[39m","message":"{\"method\":\"OPTIONS\",\"url\":\"/api/v1/users/posts/likes/66f4f32c987e4871480f85d8\",\"status\":\"204\",\"responseTime\":\"0.727\"}","timestamp":"2025-02-25T05:33:59.010Z"}
{"level":"\u001b[32minfo\u001b[39m","message":"{\"method\":\"PUT\",\"url\":\"/api/v1/users/posts/likes/66f4f32c987e4871480f85d8\",\"status\":\"201\",\"responseTime\":\"11.690\"}","timestamp":"2025-02-25T05:33:59.026Z"}
{"level":"\u001b[32minfo\u001b[39m","message":"{\"method\":\"GET\",\"url\":\"/api/v1/users/friends/66e57d5920137e598c401571\",\"status\":\"304\",\"responseTime\":\"21.016\"}","timestamp":"2025-02-25T05:34:08.157Z"}
{"level":"\u001b[32minfo\u001b[39m","message":"{\"method\":\"GET\",\"url\":\"/api/v1/users?username=alexjames\",\"status\":\"200\",\"responseTime\":\"84.267\"}","timestamp":"2025-02-25T05:34:08.224Z"}
{"level":"\u001b[32minfo\u001b[39m","message":"{\"method\":\"GET\",\"url\":\"/api/v1/users/posts/all/alexjames\",\"status\":\"201\",\"responseTime\":\"116.022\"}","timestamp":"2025-02-25T05:34:08.249Z"}
{"level":"\u001b[32minfo\u001b[39m","message":"{\"method\":\"GET\",\"url\":\"/api/v1/users/friends/66e57d5920137e598c401571\",\"status\":\"304\",\"responseTime\":\"5.367\"}","timestamp":"2025-02-25T05:34:08.271Z"}
{"level":"\u001b[32minfo\u001b[39m","message":"{\"method\":\"GET\",\"url\":\"/api/v1/users?id=66e57d5920137e598c401571\",\"status\":\"304\",\"responseTime\":\"7.907\"}","timestamp":"2025-02-25T05:34:08.408Z"}
{"level":"\u001b[32minfo\u001b[39m","message":"{\"method\":\"GET\",\"url\":\"/api/v1/users?id=66e57d5920137e598c401571\",\"status\":\"304\",\"responseTime\":\"6.092\"}","timestamp":"2025-02-25T05:34:08.419Z"}
{"level":"\u001b[32minfo\u001b[39m","message":"{\"method\":\"GET\",\"url\":\"/api/v1/users?id=66e57d5920137e598c401571\",\"status\":\"304\",\"responseTime\":\"8.284\"}","timestamp":"2025-02-25T05:34:08.436Z"}
{"level":"\u001b[32minfo\u001b[39m","message":"{\"method\":\"GET\",\"url\":\"/api/v1/users?id=66e57d5920137e598c401571\",\"status\":\"304\",\"responseTime\":\"6.869\"}","timestamp":"2025-02-25T05:34:08.455Z"}
{"level":"\u001b[32minfo\u001b[39m","message":"{\"method\":\"GET\",\"url\":\"/api/v1/users?id=66e57d5920137e598c401571\",\"status\":\"304\",\"responseTime\":\"4.494\"}","timestamp":"2025-02-25T05:34:08.468Z"}
{"level":"\u001b[32minfo\u001b[39m","message":"{\"method\":\"GET\",\"url\":\"/api/v1/users?id=66e57d5920137e598c401571\",\"status\":\"304\",\"responseTime\":\"16.806\"}","timestamp":"2025-02-25T05:34:08.497Z"}
{"level":"\u001b[32minfo\u001b[39m","message":"{\"method\":\"GET\",\"url\":\"/api/v1/users?id=66e57d5920137e598c401571\",\"status\":\"304\",\"responseTime\":\"7.303\"}","timestamp":"2025-02-25T05:34:08.542Z"}
{"level":"\u001b[32minfo\u001b[39m","message":"{\"method\":\"OPTIONS\",\"url\":\"/api/v1/users/66e57d5920137e598c401571\",\"status\":\"204\",\"responseTime\":\"0.359\"}","timestamp":"2025-02-25T05:35:38.012Z"}
{"level":"\u001b[32minfo\u001b[39m","message":"{\"method\":\"PUT\",\"url\":\"/api/v1/users/66e57d5920137e598c401571\",\"status\":\"200\",\"responseTime\":\"5856.801\"}","timestamp":"2025-02-25T05:35:43.876Z"}
{"level":"\u001b[32minfo\u001b[39m","message":"{\"method\":\"GET\",\"url\":\"/api/v1/users?username=alexjames\",\"status\":\"200\",\"responseTime\":\"18.292\"}","timestamp":"2025-02-25T05:36:12.613Z"}
{"level":"\u001b[32minfo\u001b[39m","message":"{\"method\":\"GET\",\"url\":\"/api/v1/users/friends/66e57d5920137e598c401571\",\"status\":\"304\",\"responseTime\":\"33.590\"}","timestamp":"2025-02-25T05:36:12.630Z"}
{"level":"\u001b[32minfo\u001b[39m","message":"{\"method\":\"GET\",\"url\":\"/api/v1/users/posts/all/alexjames\",\"status\":\"201\",\"responseTime\":\"50.070\"}","timestamp":"2025-02-25T05:36:12.641Z"}
{"level":"\u001b[32minfo\u001b[39m","message":"{\"method\":\"GET\",\"url\":\"/api/v1/users/friends/66e57d5920137e598c401571\",\"status\":\"304\",\"responseTime\":\"7.292\"}","timestamp":"2025-02-25T05:36:12.676Z"}
{"level":"\u001b[32minfo\u001b[39m","message":"{\"method\":\"GET\",\"url\":\"/api/v1/users?id=66e57d5920137e598c401571\",\"status\":\"200\",\"responseTime\":\"4.603\"}","timestamp":"2025-02-25T05:36:12.920Z"}
{"level":"\u001b[32minfo\u001b[39m","message":"{\"method\":\"GET\",\"url\":\"/api/v1/users?id=66e57d5920137e598c401571\",\"status\":\"304\",\"responseTime\":\"6.821\"}","timestamp":"2025-02-25T05:36:12.932Z"}
{"level":"\u001b[32minfo\u001b[39m","message":"{\"method\":\"GET\",\"url\":\"/api/v1/users?id=66e57d5920137e598c401571\",\"status\":\"304\",\"responseTime\":\"5.877\"}","timestamp":"2025-02-25T05:36:12.951Z"}
{"level":"\u001b[32minfo\u001b[39m","message":"{\"method\":\"GET\",\"url\":\"/api/v1/users?id=66e57d5920137e598c401571\",\"status\":\"304\",\"responseTime\":\"12.069\"}","timestamp":"2025-02-25T05:36:12.970Z"}
{"level":"\u001b[32minfo\u001b[39m","message":"{\"method\":\"GET\",\"url\":\"/api/v1/users?id=66e57d5920137e598c401571\",\"status\":\"304\",\"responseTime\":\"5.111\"}","timestamp":"2025-02-25T05:36:12.983Z"}
{"level":"\u001b[32minfo\u001b[39m","message":"{\"method\":\"GET\",\"url\":\"/api/v1/users?id=66e57d5920137e598c401571\",\"status\":\"304\",\"responseTime\":\"9.445\"}","timestamp":"2025-02-25T05:36:12.998Z"}
{"level":"\u001b[32minfo\u001b[39m","message":"{\"method\":\"GET\",\"url\":\"/api/v1/users?id=66e57d5920137e598c401571\",\"status\":\"304\",\"responseTime\":\"7.615\"}","timestamp":"2025-02-25T05:36:13.015Z"}
{"level":"\u001b[32minfo\u001b[39m","message":"{\"method\":\"GET\",\"url\":\"/api/v1/users/friends/66e57d5920137e598c401571\",\"status\":\"304\",\"responseTime\":\"66.781\"}","timestamp":"2025-02-25T05:40:46.963Z"}
{"level":"\u001b[32minfo\u001b[39m","message":"{\"method\":\"GET\",\"url\":\"/api/v1/users/timeline/66e57d5920137e598c401571\",\"status\":\"201\",\"responseTime\":\"100.184\"}","timestamp":"2025-02-25T05:40:46.983Z"}
{"level":"\u001b[32minfo\u001b[39m","message":"{\"method\":\"GET\",\"url\":\"/api/v1/users/friends/66e57d5920137e598c401571\",\"status\":\"304\",\"responseTime\":\"12.169\"}","timestamp":"2025-02-25T05:40:47.000Z"}
{"level":"\u001b[32minfo\u001b[39m","message":"{\"method\":\"GET\",\"url\":\"/api/v1/users?id=66e57d5920137e598c401571\",\"status\":\"304\",\"responseTime\":\"14.406\"}","timestamp":"2025-02-25T05:40:47.047Z"}
{"level":"\u001b[32minfo\u001b[39m","message":"{\"method\":\"GET\",\"url\":\"/api/v1/users?id=66e57d5920137e598c401571\",\"status\":\"304\",\"responseTime\":\"7.103\"}","timestamp":"2025-02-25T05:40:47.058Z"}
{"level":"\u001b[32minfo\u001b[39m","message":"{\"method\":\"GET\",\"url\":\"/api/v1/users?id=66e57d5920137e598c401571\",\"status\":\"304\",\"responseTime\":\"19.199\"}","timestamp":"2025-02-25T05:40:47.085Z"}
{"level":"\u001b[32minfo\u001b[39m","message":"{\"method\":\"GET\",\"url\":\"/api/v1/users?id=66e57d5920137e598c401571\",\"status\":\"304\",\"responseTime\":\"7.816\"}","timestamp":"2025-02-25T05:40:47.099Z"}
{"level":"\u001b[32minfo\u001b[39m","message":"{\"method\":\"GET\",\"url\":\"/api/v1/users?id=66e57d5920137e598c401571\",\"status\":\"304\",\"responseTime\":\"14.143\"}","timestamp":"2025-02-25T05:40:47.123Z"}
{"level":"\u001b[32minfo\u001b[39m","message":"{\"method\":\"GET\",\"url\":\"/api/v1/users?id=66e57d5920137e598c401571\",\"status\":\"304\",\"responseTime\":\"8.104\"}","timestamp":"2025-02-25T05:40:47.133Z"}
{"level":"\u001b[32minfo\u001b[39m","message":"{\"method\":\"GET\",\"url\":\"/api/v1/users?id=66e57d5920137e598c401571\",\"status\":\"304\",\"responseTime\":\"7.553\"}","timestamp":"2025-02-25T05:40:47.146Z"}
{"level":"\u001b[32minfo\u001b[39m","message":"{\"method\":\"POST\",\"url\":\"/api/v1/users/posts/create\",\"status\":\"201\",\"responseTime\":\"8953.737\"}","timestamp":"2025-02-25T05:41:49.490Z"}
{"level":"\u001b[32minfo\u001b[39m","message":"{\"method\":\"GET\",\"url\":\"/api/v1/users/allPosts\",\"status\":\"201\",\"responseTime\":\"13.138\"}","timestamp":"2025-02-25T05:41:53.004Z"}
{"level":"\u001b[32minfo\u001b[39m","message":"{\"method\":\"GET\",\"url\":\"/api/v1/users/friends/66e57d5920137e598c401571\",\"status\":\"304\",\"responseTime\":\"19.958\"}","timestamp":"2025-02-25T05:41:53.017Z"}
{"level":"\u001b[32minfo\u001b[39m","message":"{\"method\":\"GET\",\"url\":\"/api/v1/users?id=66e57d5920137e598c401571\",\"status\":\"304\",\"responseTime\":\"18.026\"}","timestamp":"2025-02-25T05:41:53.140Z"}
{"level":"\u001b[32minfo\u001b[39m","message":"{\"method\":\"GET\",\"url\":\"/api/v1/users?id=670cdd031cb62e576876b8b6\",\"status\":\"304\",\"responseTime\":\"28.808\"}","timestamp":"2025-02-25T05:41:53.159Z"}
{"level":"\u001b[32minfo\u001b[39m","message":"{\"method\":\"GET\",\"url\":\"/api/v1/users?id=670cd8a61cb62e576876b890\",\"status\":\"304\",\"responseTime\":\"24.278\"}","timestamp":"2025-02-25T05:41:53.169Z"}
{"level":"\u001b[32minfo\u001b[39m","message":"{\"method\":\"GET\",\"url\":\"/api/v1/users?id=66e63fae3ebeb61f7f869b93\",\"status\":\"304\",\"responseTime\":\"25.929\"}","timestamp":"2025-02-25T05:41:53.177Z"}
{"level":"\u001b[32minfo\u001b[39m","message":"{\"method\":\"GET\",\"url\":\"/api/v1/users?id=66e63fae3ebeb61f7f869b93\",\"status\":\"304\",\"responseTime\":\"5.637\"}","timestamp":"2025-02-25T05:41:53.191Z"}
{"level":"\u001b[32minfo\u001b[39m","message":"{\"method\":\"GET\",\"url\":\"/api/v1/users?id=66e63fae3ebeb61f7f869b93\",\"status\":\"304\",\"responseTime\":\"6.383\"}","timestamp":"2025-02-25T05:41:53.204Z"}
{"level":"\u001b[32minfo\u001b[39m","message":"{\"method\":\"GET\",\"url\":\"/api/v1/users?id=66e63fae3ebeb61f7f869b93\",\"status\":\"304\",\"responseTime\":\"7.579\"}","timestamp":"2025-02-25T05:41:53.214Z"}
{"level":"\u001b[32minfo\u001b[39m","message":"{\"method\":\"OPTIONS\",\"url\":\"/api/v1/users/login\",\"status\":\"204\",\"responseTime\":\"0.554\"}","timestamp":"2025-02-25T05:42:53.152Z"}
{"level":"\u001b[32minfo\u001b[39m","message":"{\"method\":\"POST\",\"url\":\"/api/v1/users/login\",\"status\":\"201\",\"responseTime\":\"550.103\"}","timestamp":"2025-02-25T05:42:53.706Z"}
{"level":"\u001b[32minfo\u001b[39m","message":"{\"method\":\"GET\",\"url\":\"/api/v1/users/friends/66e57d5920137e598c401571\",\"status\":\"304\",\"responseTime\":\"5.183\"}","timestamp":"2025-02-25T05:42:53.744Z"}
{"level":"\u001b[32minfo\u001b[39m","message":"{\"method\":\"GET\",\"url\":\"/api/v1/users/timeline/66e57d5920137e598c401571\",\"status\":\"201\",\"responseTime\":\"30.279\"}","timestamp":"2025-02-25T05:42:53.790Z"}
{"level":"\u001b[32minfo\u001b[39m","message":"{\"method\":\"GET\",\"url\":\"/api/v1/users/friends/66e57d5920137e598c401571\",\"status\":\"304\",\"responseTime\":\"19.604\"}","timestamp":"2025-02-25T05:42:53.797Z"}
{"level":"\u001b[32minfo\u001b[39m","message":"{\"method\":\"GET\",\"url\":\"/api/v1/users?id=66e57d5920137e598c401571\",\"status\":\"304\",\"responseTime\":\"6.207\"}","timestamp":"2025-02-25T05:42:53.826Z"}
{"level":"\u001b[32minfo\u001b[39m","message":"{\"method\":\"GET\",\"url\":\"/api/v1/users?id=66e57d5920137e598c401571\",\"status\":\"304\",\"responseTime\":\"5.129\"}","timestamp":"2025-02-25T05:42:53.838Z"}
{"level":"\u001b[32minfo\u001b[39m","message":"{\"method\":\"GET\",\"url\":\"/api/v1/users?id=66e57d5920137e598c401571\",\"status\":\"304\",\"responseTime\":\"8.379\"}","timestamp":"2025-02-25T05:42:53.850Z"}
{"level":"\u001b[32minfo\u001b[39m","message":"{\"method\":\"GET\",\"url\":\"/api/v1/users?id=66e57d5920137e598c401571\",\"status\":\"304\",\"responseTime\":\"3.749\"}","timestamp":"2025-02-25T05:42:53.856Z"}
{"level":"\u001b[32minfo\u001b[39m","message":"{\"method\":\"GET\",\"url\":\"/api/v1/users?id=66e57d5920137e598c401571\",\"status\":\"304\",\"responseTime\":\"7.251\"}","timestamp":"2025-02-25T05:42:53.866Z"}
{"level":"\u001b[32minfo\u001b[39m","message":"{\"method\":\"GET\",\"url\":\"/api/v1/users?id=66e57d5920137e598c401571\",\"status\":\"304\",\"responseTime\":\"4.189\"}","timestamp":"2025-02-25T05:42:53.873Z"}
{"level":"\u001b[32minfo\u001b[39m","message":"{\"method\":\"GET\",\"url\":\"/api/v1/users?id=66e57d5920137e598c401571\",\"status\":\"304\",\"responseTime\":\"6.180\"}","timestamp":"2025-02-25T05:42:53.883Z"}
{"level":"\u001b[32minfo\u001b[39m","message":"{\"method\":\"GET\",\"url\":\"/api/v1/users?id=66e57d5920137e598c401571\",\"status\":\"304\",\"responseTime\":\"4.042\"}","timestamp":"2025-02-25T05:42:53.889Z"}
